blokoding/android/app/build/intermediates/manifest_merge_blame_file/debug/manifest-merger-blame-debug-report.txt
1<?xml version="1.0" encoding="utf-8"?>
2<manifest xmlns:android="http://schemas.android.com/apk/res/android"
3    package="com.blokoding"
4    android:versionCode="1"
5    android:versionName="1.0" >
6
7    <uses-sdk
8        android:minSdkVersion="21"
9        android:targetSdkVersion="29" />
10
11    <uses-permission android:name="android.permission.SYSTEM_ALERT_WINDOW" />
11-->src\debug\AndroidManifest.xml:5:5-77
11-->src\debug\AndroidManifest.xml:5:22-75
12    <uses-permission android:name="android.permission.INTERNET" />
12-->src\main\AndroidManifest.xml:4:5-67
12-->src\main\AndroidManifest.xml:4:22-64
13    <uses-permission android:name="android.permission.CAMERA" />
13-->src\main\AndroidManifest.xml:5:5-65
13-->src\main\AndroidManifest.xml:5:22-62
14    <uses-permission android:name="android.permission.READ_EXTERNAL_STORAGE" />
14-->src\main\AndroidManifest.xml:6:5-80
14-->src\main\AndroidManifest.xml:6:22-77
15    <uses-permission android:name="android.permission.WRITE_EXTERNAL_STORAGE" />
15-->src\main\AndroidManifest.xml:7:5-81
15-->src\main\AndroidManifest.xml:7:22-78
16    <uses-permission android:name="android.permission.ACCESS_WIFI_STATE" />
16-->[com.facebook.flipper:flipper:0.75.1] AndroidManifest.xml:16:5-76
16-->[com.facebook.flipper:flipper:0.75.1] AndroidManifest.xml:16:22-73
17
18    <uses-feature
18-->[:react-native-camera] AndroidManifest.xml:11:5-13:36
19        android:name="android.hardware.camera"
19-->[:react-native-camera] AndroidManifest.xml:12:9-47
20        android:required="false" />
20-->[:react-native-camera] AndroidManifest.xml:13:9-33
21    <uses-feature
21-->[:react-native-camera] AndroidManifest.xml:14:5-16:36
22        android:name="android.hardware.camera.autofocus"
22-->[:react-native-camera] AndroidManifest.xml:15:9-57
23        android:required="false" />
23-->[:react-native-camera] AndroidManifest.xml:16:9-33
24
25    <meta-data
25-->[:rn-text-detector] AndroidManifest.xml:9:5-11:31
26        android:name="com.google.mlkit.vision.DEPENDENCIES"
26-->[:rn-text-detector] AndroidManifest.xml:10:9-60
27        android:value="ocr" />
27-->[:rn-text-detector] AndroidManifest.xml:11:9-28
28
29    <application
29-->src\main\AndroidManifest.xml:11:5-38:19
30        android:name="com.blokoding.MainApplication"
30-->src\main\AndroidManifest.xml:12:7-38
31        android:allowBackup="false"
31-->src\main\AndroidManifest.xml:16:7-34
32        android:appComponentFactory="androidx.core.app.CoreComponentFactory"
32-->[androidx.core:core:1.1.0] AndroidManifest.xml:24:18-86
33        android:debuggable="true"
34        android:icon="@mipmap/ic_launcher"
34-->src\main\AndroidManifest.xml:14:7-41
35        android:label="@string/app_name"
35-->src\main\AndroidManifest.xml:13:7-39
36        android:roundIcon="@mipmap/ic_launcher_round"
36-->src\main\AndroidManifest.xml:15:7-52
37        android:theme="@style/AppTheme"
37-->src\main\AndroidManifest.xml:17:7-38
38        android:usesCleartextTraffic="true" >
38-->src\debug\AndroidManifest.xml:8:9-44
39        <activity android:name="com.facebook.react.devsupport.DevSettingsActivity" />
39-->src\debug\AndroidManifest.xml:11:9-86
39-->src\debug\AndroidManifest.xml:11:19-83
40        <!-- Add this SplashActivity -->
41        <activity
41-->src\main\AndroidManifest.xml:20:9-28:20
42            android:name="com.blokoding.SplashActivity"
42-->src\main\AndroidManifest.xml:21:11-41
43            android:label="@string/app_name"
43-->src\main\AndroidManifest.xml:23:11-43
44            android:theme="@style/SplashTheme" >
44-->src\main\AndroidManifest.xml:22:11-45
45            <intent-filter>
45-->src\main\AndroidManifest.xml:24:11-27:27
46                <action android:name="android.intent.action.MAIN" />
46-->src\main\AndroidManifest.xml:25:15-67
46-->src\main\AndroidManifest.xml:25:23-64
47
48                <category android:name="android.intent.category.LAUNCHER" />
48-->src\main\AndroidManifest.xml:26:15-75
48-->src\main\AndroidManifest.xml:26:25-72
49            </intent-filter>
50        </activity>
51        <activity
51-->src\main\AndroidManifest.xml:30:7-37:18
52            android:name="com.blokoding.MainActivity"
52-->src\main\AndroidManifest.xml:31:9-37
53            android:configChanges="keyboard|keyboardHidden|orientation|screenSize|uiMode"
53-->src\main\AndroidManifest.xml:33:9-86
54            android:exported="true"
54-->src\main\AndroidManifest.xml:36:9-32
55            android:label="@string/app_name"
55-->src\main\AndroidManifest.xml:32:9-41
56            android:launchMode="singleTask"
56-->src\main\AndroidManifest.xml:34:9-40
57            android:windowSoftInputMode="adjustResize" >
57-->src\main\AndroidManifest.xml:35:9-51
58        </activity>
59
60        <service
60-->[com.google.android.gms:play-services-mlkit-text-recognition:16.1.1] AndroidManifest.xml:9:9-15:19
61            android:name="com.google.mlkit.common.internal.MlKitComponentDiscoveryService"
61-->[com.google.android.gms:play-services-mlkit-text-recognition:16.1.1] AndroidManifest.xml:10:13-91
62            android:directBootAware="true"
62-->[com.google.mlkit:common:17.0.0] AndroidManifest.xml:17:13-43
63            android:exported="false" >
63-->[com.google.android.gms:play-services-mlkit-text-recognition:16.1.1] AndroidManifest.xml:11:13-37
64            <meta-data
64-->[com.google.android.gms:play-services-mlkit-text-recognition:16.1.1] AndroidManifest.xml:12:13-14:85
65                android:name="com.google.firebase.components:com.google.mlkit.vision.text.internal.TextRegistrar"
65-->[com.google.android.gms:play-services-mlkit-text-recognition:16.1.1] AndroidManifest.xml:13:17-114
66                android:value="com.google.firebase.components.ComponentRegistrar" />
66-->[com.google.android.gms:play-services-mlkit-text-recognition:16.1.1] AndroidManifest.xml:14:17-82
67            <meta-data
67-->[com.google.mlkit:vision-common:16.1.0] AndroidManifest.xml:12:13-14:85
68                android:name="com.google.firebase.components:com.google.mlkit.vision.common.internal.VisionCommonRegistrar"
68-->[com.google.mlkit:vision-common:16.1.0] AndroidManifest.xml:13:17-124
69                android:value="com.google.firebase.components.ComponentRegistrar" />
69-->[com.google.mlkit:vision-common:16.1.0] AndroidManifest.xml:14:17-82
70            <meta-data
70-->[com.google.mlkit:common:17.0.0] AndroidManifest.xml:20:13-22:85
71                android:name="com.google.firebase.components:com.google.mlkit.common.internal.CommonComponentRegistrar"
71-->[com.google.mlkit:common:17.0.0] AndroidManifest.xml:21:17-120
72                android:value="com.google.firebase.components.ComponentRegistrar" />
72-->[com.google.mlkit:common:17.0.0] AndroidManifest.xml:22:17-82
73        </service>
74
75        <provider
75-->[com.google.mlkit:common:17.0.0] AndroidManifest.xml:9:9-13:38
76            android:name="com.google.mlkit.common.internal.MlKitInitProvider"
76-->[com.google.mlkit:common:17.0.0] AndroidManifest.xml:10:13-78
77            android:authorities="com.blokoding.mlkitinitprovider"
77-->[com.google.mlkit:common:17.0.0] AndroidManifest.xml:11:13-69
78            android:exported="false"
78-->[com.google.mlkit:common:17.0.0] AndroidManifest.xml:12:13-37
79            android:initOrder="99" />
79-->[com.google.mlkit:common:17.0.0] AndroidManifest.xml:13:13-35
80
81        <activity
81-->[com.google.android.gms:play-services-base:17.0.0] AndroidManifest.xml:23:9-26:75
82            android:name="com.google.android.gms.common.api.GoogleApiActivity"
82-->[com.google.android.gms:play-services-base:17.0.0] AndroidManifest.xml:24:13-79
83            android:exported="false"
83-->[com.google.android.gms:play-services-base:17.0.0] AndroidManifest.xml:25:13-37
84            android:theme="@android:style/Theme.Translucent.NoTitleBar" />
84-->[com.google.android.gms:play-services-base:17.0.0] AndroidManifest.xml:26:13-72
85
86        <meta-data
86-->[com.google.android.gms:play-services-basement:17.0.0] AndroidManifest.xml:23:9-25:69
87            android:name="com.google.android.gms.version"
87-->[com.google.android.gms:play-services-basement:17.0.0] AndroidManifest.xml:24:13-58
88            android:value="@integer/google_play_services_version" />
88-->[com.google.android.gms:play-services-basement:17.0.0] AndroidManifest.xml:25:13-66
89    </application>
90
91</manifest>